bin\Debug\CartoonHairSimulation.ilk
bin\Debug\CartoonHairSimulation.pdb
C:\USERS\TIMOTHY\IET-CARTOONHAIR\CARTOONHAIRSIMULATION\CARTOONHAIRSIMULATION\BIN\DEBUG\CARTOONHAIRSIMULATION.EXE
C:\USERS\TIMOTHY\IET-CARTOONHAIR\CARTOONHAIRSIMULATION\CARTOONHAIRSIMULATION\BIN\DEBUG\CARTOONHAIRSIMULATION.ILK
C:\USERS\TIMOTHY\IET-CARTOONHAIR\CARTOONHAIRSIMULATION\CARTOONHAIRSIMULATION\BIN\DEBUG\CARTOONHAIRSIMULATION.PDB
C:\USERS\TIMOTHY\IET-CARTOONHAIR\CARTOONHAIRSIMULATION\CARTOONHAIRSIMULATION\OBJ\DEBUG\CARTOONHAIRSIMULATION.EXE.EMBED.MANIFEST
C:\USERS\TIMOTHY\IET-CARTOONHAIR\CARTOONHAIRSIMULATION\CARTOONHAIRSIMULATION\OBJ\DEBUG\CARTOONHAIRSIMULATION.EXE.EMBED.MANIFEST.RES
C:\USERS\TIMOTHY\IET-CARTOONHAIR\CARTOONHAIRSIMULATION\CARTOONHAIRSIMULATION\OBJ\DEBUG\CARTOONHAIRSIMULATION.EXE.INTERMEDIATE.MANIFEST
C:\USERS\TIMOTHY\IET-CARTOONHAIR\CARTOONHAIRSIMULATION\CARTOONHAIRSIMULATION\OBJ\DEBUG\CARTOONHAIRSIMULATION.OBJ
C:\USERS\TIMOTHY\IET-CARTOONHAIR\CARTOONHAIRSIMULATION\CARTOONHAIRSIMULATION\OBJ\DEBUG\CARTOONHAIRSIMULATION.PCH
C:\USERS\TIMOTHY\IET-CARTOONHAIR\CARTOONHAIRSIMULATION\CARTOONHAIRSIMULATION\OBJ\DEBUG\CARTOONHAIRSIMULATION.RES
C:\Users\Timothy\IET-CartoonHair\CartoonHairSimulation\CartoonHairSimulation\obj\Debug\CartoonHairSimulation_manifest.rc
C:\Users\Timothy\IET-CartoonHair\CartoonHairSimulation\CartoonHairSimulation\obj\Debug\cl.command.1.tlog
C:\Users\Timothy\IET-CartoonHair\CartoonHairSimulation\CartoonHairSimulation\obj\Debug\CL.read.1.tlog
C:\Users\Timothy\IET-CartoonHair\CartoonHairSimulation\CartoonHairSimulation\obj\Debug\CL.write.1.tlog
C:\USERS\TIMOTHY\IET-CARTOONHAIR\CARTOONHAIRSIMULATION\CARTOONHAIRSIMULATION\OBJ\DEBUG\DEBUGDRAWER.OBJ
C:\USERS\TIMOTHY\IET-CARTOONHAIR\CARTOONHAIRSIMULATION\CARTOONHAIRSIMULATION\OBJ\DEBUG\HAIRMODEL.OBJ
C:\Users\Timothy\IET-CartoonHair\CartoonHairSimulation\CartoonHairSimulation\obj\Debug\link.10416.read.1.tlog
C:\Users\Timothy\IET-CartoonHair\CartoonHairSimulation\CartoonHairSimulation\obj\Debug\link.10416.write.1.tlog
C:\Users\Timothy\IET-CartoonHair\CartoonHairSimulation\CartoonHairSimulation\obj\Debug\link.10416-cvtres.read.1.tlog
C:\Users\Timothy\IET-CartoonHair\CartoonHairSimulation\CartoonHairSimulation\obj\Debug\link.10416-cvtres.write.1.tlog
C:\Users\Timothy\IET-CartoonHair\CartoonHairSimulation\CartoonHairSimulation\obj\Debug\link.10536.read.1.tlog
C:\Users\Timothy\IET-CartoonHair\CartoonHairSimulation\CartoonHairSimulation\obj\Debug\link.10536.write.1.tlog
C:\Users\Timothy\IET-CartoonHair\CartoonHairSimulation\CartoonHairSimulation\obj\Debug\link.10536-cvtres.read.1.tlog
C:\Users\Timothy\IET-CartoonHair\CartoonHairSimulation\CartoonHairSimulation\obj\Debug\link.10536-cvtres.write.1.tlog
C:\Users\Timothy\IET-CartoonHair\CartoonHairSimulation\CartoonHairSimulation\obj\Debug\link.10652.read.1.tlog
C:\Users\Timothy\IET-CartoonHair\CartoonHairSimulation\CartoonHairSimulation\obj\Debug\link.10652.write.1.tlog
C:\Users\Timothy\IET-CartoonHair\CartoonHairSimulation\CartoonHairSimulation\obj\Debug\link.10652-cvtres.read.1.tlog
C:\Users\Timothy\IET-CartoonHair\CartoonHairSimulation\CartoonHairSimulation\obj\Debug\link.10652-cvtres.write.1.tlog
C:\Users\Timothy\IET-CartoonHair\CartoonHairSimulation\CartoonHairSimulation\obj\Debug\link.11156.read.1.tlog
C:\Users\Timothy\IET-CartoonHair\CartoonHairSimulation\CartoonHairSimulation\obj\Debug\link.11156.write.1.tlog
C:\Users\Timothy\IET-CartoonHair\CartoonHairSimulation\CartoonHairSimulation\obj\Debug\link.11156-cvtres.read.1.tlog
C:\Users\Timothy\IET-CartoonHair\CartoonHairSimulation\CartoonHairSimulation\obj\Debug\link.11156-cvtres.write.1.tlog
C:\Users\Timothy\IET-CartoonHair\CartoonHairSimulation\CartoonHairSimulation\obj\Debug\link.11504.read.1.tlog
C:\Users\Timothy\IET-CartoonHair\CartoonHairSimulation\CartoonHairSimulation\obj\Debug\link.11504.write.1.tlog
C:\Users\Timothy\IET-CartoonHair\CartoonHairSimulation\CartoonHairSimulation\obj\Debug\link.11504-cvtres.read.1.tlog
C:\Users\Timothy\IET-CartoonHair\CartoonHairSimulation\CartoonHairSimulation\obj\Debug\link.11504-cvtres.write.1.tlog
C:\Users\Timothy\IET-CartoonHair\CartoonHairSimulation\CartoonHairSimulation\obj\Debug\link.12128.read.1.tlog
C:\Users\Timothy\IET-CartoonHair\CartoonHairSimulation\CartoonHairSimulation\obj\Debug\link.12128.write.1.tlog
C:\Users\Timothy\IET-CartoonHair\CartoonHairSimulation\CartoonHairSimulation\obj\Debug\link.12128-cvtres.read.1.tlog
C:\Users\Timothy\IET-CartoonHair\CartoonHairSimulation\CartoonHairSimulation\obj\Debug\link.12128-cvtres.write.1.tlog
C:\Users\Timothy\IET-CartoonHair\CartoonHairSimulation\CartoonHairSimulation\obj\Debug\link.12532.read.1.tlog
C:\Users\Timothy\IET-CartoonHair\CartoonHairSimulation\CartoonHairSimulation\obj\Debug\link.12532.write.1.tlog
C:\Users\Timothy\IET-CartoonHair\CartoonHairSimulation\CartoonHairSimulation\obj\Debug\link.12532-cvtres.read.1.tlog
C:\Users\Timothy\IET-CartoonHair\CartoonHairSimulation\CartoonHairSimulation\obj\Debug\link.12532-cvtres.write.1.tlog
C:\Users\Timothy\IET-CartoonHair\CartoonHairSimulation\CartoonHairSimulation\obj\Debug\link.12580.read.1.tlog
C:\Users\Timothy\IET-CartoonHair\CartoonHairSimulation\CartoonHairSimulation\obj\Debug\link.12580.write.1.tlog
C:\Users\Timothy\IET-CartoonHair\CartoonHairSimulation\CartoonHairSimulation\obj\Debug\link.12580-cvtres.read.1.tlog
C:\Users\Timothy\IET-CartoonHair\CartoonHairSimulation\CartoonHairSimulation\obj\Debug\link.12580-cvtres.write.1.tlog
C:\Users\Timothy\IET-CartoonHair\CartoonHairSimulation\CartoonHairSimulation\obj\Debug\link.12656.read.1.tlog
C:\Users\Timothy\IET-CartoonHair\CartoonHairSimulation\CartoonHairSimulation\obj\Debug\link.12656.write.1.tlog
C:\Users\Timothy\IET-CartoonHair\CartoonHairSimulation\CartoonHairSimulation\obj\Debug\link.12656-cvtres.read.1.tlog
C:\Users\Timothy\IET-CartoonHair\CartoonHairSimulation\CartoonHairSimulation\obj\Debug\link.12656-cvtres.write.1.tlog
C:\Users\Timothy\IET-CartoonHair\CartoonHairSimulation\CartoonHairSimulation\obj\Debug\link.12696.read.1.tlog
C:\Users\Timothy\IET-CartoonHair\CartoonHairSimulation\CartoonHairSimulation\obj\Debug\link.12696.write.1.tlog
C:\Users\Timothy\IET-CartoonHair\CartoonHairSimulation\CartoonHairSimulation\obj\Debug\link.13272.read.1.tlog
C:\Users\Timothy\IET-CartoonHair\CartoonHairSimulation\CartoonHairSimulation\obj\Debug\link.13272.write.1.tlog
C:\Users\Timothy\IET-CartoonHair\CartoonHairSimulation\CartoonHairSimulation\obj\Debug\link.13836.read.1.tlog
C:\Users\Timothy\IET-CartoonHair\CartoonHairSimulation\CartoonHairSimulation\obj\Debug\link.13836.write.1.tlog
C:\Users\Timothy\IET-CartoonHair\CartoonHairSimulation\CartoonHairSimulation\obj\Debug\link.13836-cvtres.read.1.tlog
C:\Users\Timothy\IET-CartoonHair\CartoonHairSimulation\CartoonHairSimulation\obj\Debug\link.13836-cvtres.write.1.tlog
C:\Users\Timothy\IET-CartoonHair\CartoonHairSimulation\CartoonHairSimulation\obj\Debug\link.14000.read.1.tlog
C:\Users\Timothy\IET-CartoonHair\CartoonHairSimulation\CartoonHairSimulation\obj\Debug\link.14000.write.1.tlog
C:\Users\Timothy\IET-CartoonHair\CartoonHairSimulation\CartoonHairSimulation\obj\Debug\link.14000-cvtres.read.1.tlog
C:\Users\Timothy\IET-CartoonHair\CartoonHairSimulation\CartoonHairSimulation\obj\Debug\link.14000-cvtres.write.1.tlog
C:\Users\Timothy\IET-CartoonHair\CartoonHairSimulation\CartoonHairSimulation\obj\Debug\link.14128.read.1.tlog
C:\Users\Timothy\IET-CartoonHair\CartoonHairSimulation\CartoonHairSimulation\obj\Debug\link.14128.write.1.tlog
C:\Users\Timothy\IET-CartoonHair\CartoonHairSimulation\CartoonHairSimulation\obj\Debug\link.14128-cvtres.read.1.tlog
C:\Users\Timothy\IET-CartoonHair\CartoonHairSimulation\CartoonHairSimulation\obj\Debug\link.14128-cvtres.write.1.tlog
C:\Users\Timothy\IET-CartoonHair\CartoonHairSimulation\CartoonHairSimulation\obj\Debug\link.14200.read.1.tlog
C:\Users\Timothy\IET-CartoonHair\CartoonHairSimulation\CartoonHairSimulation\obj\Debug\link.14200.write.1.tlog
C:\Users\Timothy\IET-CartoonHair\CartoonHairSimulation\CartoonHairSimulation\obj\Debug\link.14200-cvtres.read.1.tlog
C:\Users\Timothy\IET-CartoonHair\CartoonHairSimulation\CartoonHairSimulation\obj\Debug\link.14200-cvtres.write.1.tlog
C:\Users\Timothy\IET-CartoonHair\CartoonHairSimulation\CartoonHairSimulation\obj\Debug\link.14204.read.1.tlog
C:\Users\Timothy\IET-CartoonHair\CartoonHairSimulation\CartoonHairSimulation\obj\Debug\link.14204.write.1.tlog
C:\Users\Timothy\IET-CartoonHair\CartoonHairSimulation\CartoonHairSimulation\obj\Debug\link.14204-cvtres.read.1.tlog
C:\Users\Timothy\IET-CartoonHair\CartoonHairSimulation\CartoonHairSimulation\obj\Debug\link.14204-cvtres.write.1.tlog
C:\Users\Timothy\IET-CartoonHair\CartoonHairSimulation\CartoonHairSimulation\obj\Debug\link.14284.read.1.tlog
C:\Users\Timothy\IET-CartoonHair\CartoonHairSimulation\CartoonHairSimulation\obj\Debug\link.14284.write.1.tlog
C:\Users\Timothy\IET-CartoonHair\CartoonHairSimulation\CartoonHairSimulation\obj\Debug\link.14284-cvtres.read.1.tlog
C:\Users\Timothy\IET-CartoonHair\CartoonHairSimulation\CartoonHairSimulation\obj\Debug\link.14284-cvtres.write.1.tlog
C:\Users\Timothy\IET-CartoonHair\CartoonHairSimulation\CartoonHairSimulation\obj\Debug\link.15264.read.1.tlog
C:\Users\Timothy\IET-CartoonHair\CartoonHairSimulation\CartoonHairSimulation\obj\Debug\link.15264.write.1.tlog
C:\Users\Timothy\IET-CartoonHair\CartoonHairSimulation\CartoonHairSimulation\obj\Debug\link.15264-cvtres.read.1.tlog
C:\Users\Timothy\IET-CartoonHair\CartoonHairSimulation\CartoonHairSimulation\obj\Debug\link.15264-cvtres.write.1.tlog
C:\Users\Timothy\IET-CartoonHair\CartoonHairSimulation\CartoonHairSimulation\obj\Debug\link.15780.read.1.tlog
C:\Users\Timothy\IET-CartoonHair\CartoonHairSimulation\CartoonHairSimulation\obj\Debug\link.15780.write.1.tlog
C:\Users\Timothy\IET-CartoonHair\CartoonHairSimulation\CartoonHairSimulation\obj\Debug\link.15780-cvtres.read.1.tlog
C:\Users\Timothy\IET-CartoonHair\CartoonHairSimulation\CartoonHairSimulation\obj\Debug\link.15780-cvtres.write.1.tlog
C:\Users\Timothy\IET-CartoonHair\CartoonHairSimulation\CartoonHairSimulation\obj\Debug\link.19292.read.1.tlog
C:\Users\Timothy\IET-CartoonHair\CartoonHairSimulation\CartoonHairSimulation\obj\Debug\link.19292.write.1.tlog
C:\Users\Timothy\IET-CartoonHair\CartoonHairSimulation\CartoonHairSimulation\obj\Debug\link.19292-cvtres.read.1.tlog
C:\Users\Timothy\IET-CartoonHair\CartoonHairSimulation\CartoonHairSimulation\obj\Debug\link.19292-cvtres.write.1.tlog
C:\Users\Timothy\IET-CartoonHair\CartoonHairSimulation\CartoonHairSimulation\obj\Debug\link.20188.read.1.tlog
C:\Users\Timothy\IET-CartoonHair\CartoonHairSimulation\CartoonHairSimulation\obj\Debug\link.20188.write.1.tlog
C:\Users\Timothy\IET-CartoonHair\CartoonHairSimulation\CartoonHairSimulation\obj\Debug\link.23324.read.1.tlog
C:\Users\Timothy\IET-CartoonHair\CartoonHairSimulation\CartoonHairSimulation\obj\Debug\link.23324.write.1.tlog
C:\Users\Timothy\IET-CartoonHair\CartoonHairSimulation\CartoonHairSimulation\obj\Debug\link.23324-cvtres.read.1.tlog
C:\Users\Timothy\IET-CartoonHair\CartoonHairSimulation\CartoonHairSimulation\obj\Debug\link.23324-cvtres.write.1.tlog
C:\Users\Timothy\IET-CartoonHair\CartoonHairSimulation\CartoonHairSimulation\obj\Debug\link.26036.read.1.tlog
C:\Users\Timothy\IET-CartoonHair\CartoonHairSimulation\CartoonHairSimulation\obj\Debug\link.26036.write.1.tlog
C:\Users\Timothy\IET-CartoonHair\CartoonHairSimulation\CartoonHairSimulation\obj\Debug\link.26036-cvtres.read.1.tlog
C:\Users\Timothy\IET-CartoonHair\CartoonHairSimulation\CartoonHairSimulation\obj\Debug\link.26036-cvtres.write.1.tlog
C:\Users\Timothy\IET-CartoonHair\CartoonHairSimulation\CartoonHairSimulation\obj\Debug\link.27708.read.1.tlog
C:\Users\Timothy\IET-CartoonHair\CartoonHairSimulation\CartoonHairSimulation\obj\Debug\link.27708.write.1.tlog
C:\Users\Timothy\IET-CartoonHair\CartoonHairSimulation\CartoonHairSimulation\obj\Debug\link.27708-cvtres.read.1.tlog
C:\Users\Timothy\IET-CartoonHair\CartoonHairSimulation\CartoonHairSimulation\obj\Debug\link.27708-cvtres.write.1.tlog
C:\Users\Timothy\IET-CartoonHair\CartoonHairSimulation\CartoonHairSimulation\obj\Debug\link.27796.read.1.tlog
C:\Users\Timothy\IET-CartoonHair\CartoonHairSimulation\CartoonHairSimulation\obj\Debug\link.27796.write.1.tlog
C:\Users\Timothy\IET-CartoonHair\CartoonHairSimulation\CartoonHairSimulation\obj\Debug\link.28516.read.1.tlog
C:\Users\Timothy\IET-CartoonHair\CartoonHairSimulation\CartoonHairSimulation\obj\Debug\link.28516.write.1.tlog
C:\Users\Timothy\IET-CartoonHair\CartoonHairSimulation\CartoonHairSimulation\obj\Debug\link.28812.read.1.tlog
C:\Users\Timothy\IET-CartoonHair\CartoonHairSimulation\CartoonHairSimulation\obj\Debug\link.28812.write.1.tlog
C:\Users\Timothy\IET-CartoonHair\CartoonHairSimulation\CartoonHairSimulation\obj\Debug\link.28812-cvtres.read.1.tlog
C:\Users\Timothy\IET-CartoonHair\CartoonHairSimulation\CartoonHairSimulation\obj\Debug\link.28812-cvtres.write.1.tlog
C:\Users\Timothy\IET-CartoonHair\CartoonHairSimulation\CartoonHairSimulation\obj\Debug\link.3060.read.1.tlog
C:\Users\Timothy\IET-CartoonHair\CartoonHairSimulation\CartoonHairSimulation\obj\Debug\link.3060.write.1.tlog
C:\Users\Timothy\IET-CartoonHair\CartoonHairSimulation\CartoonHairSimulation\obj\Debug\link.3060-cvtres.read.1.tlog
C:\Users\Timothy\IET-CartoonHair\CartoonHairSimulation\CartoonHairSimulation\obj\Debug\link.3060-cvtres.write.1.tlog
C:\Users\Timothy\IET-CartoonHair\CartoonHairSimulation\CartoonHairSimulation\obj\Debug\link.49820.read.1.tlog
C:\Users\Timothy\IET-CartoonHair\CartoonHairSimulation\CartoonHairSimulation\obj\Debug\link.49820.write.1.tlog
C:\Users\Timothy\IET-CartoonHair\CartoonHairSimulation\CartoonHairSimulation\obj\Debug\link.49820-cvtres.read.1.tlog
C:\Users\Timothy\IET-CartoonHair\CartoonHairSimulation\CartoonHairSimulation\obj\Debug\link.49820-cvtres.write.1.tlog
C:\Users\Timothy\IET-CartoonHair\CartoonHairSimulation\CartoonHairSimulation\obj\Debug\link.51196.read.1.tlog
C:\Users\Timothy\IET-CartoonHair\CartoonHairSimulation\CartoonHairSimulation\obj\Debug\link.51196.write.1.tlog
C:\Users\Timothy\IET-CartoonHair\CartoonHairSimulation\CartoonHairSimulation\obj\Debug\link.51196-cvtres.read.1.tlog
C:\Users\Timothy\IET-CartoonHair\CartoonHairSimulation\CartoonHairSimulation\obj\Debug\link.51196-cvtres.write.1.tlog
C:\Users\Timothy\IET-CartoonHair\CartoonHairSimulation\CartoonHairSimulation\obj\Debug\link.54864.read.1.tlog
C:\Users\Timothy\IET-CartoonHair\CartoonHairSimulation\CartoonHairSimulation\obj\Debug\link.54864.write.1.tlog
C:\Users\Timothy\IET-CartoonHair\CartoonHairSimulation\CartoonHairSimulation\obj\Debug\link.54864-cvtres.read.1.tlog
C:\Users\Timothy\IET-CartoonHair\CartoonHairSimulation\CartoonHairSimulation\obj\Debug\link.54864-cvtres.write.1.tlog
C:\Users\Timothy\IET-CartoonHair\CartoonHairSimulation\CartoonHairSimulation\obj\Debug\link.55856.read.1.tlog
C:\Users\Timothy\IET-CartoonHair\CartoonHairSimulation\CartoonHairSimulation\obj\Debug\link.55856.write.1.tlog
C:\Users\Timothy\IET-CartoonHair\CartoonHairSimulation\CartoonHairSimulation\obj\Debug\link.55856-cvtres.read.1.tlog
C:\Users\Timothy\IET-CartoonHair\CartoonHairSimulation\CartoonHairSimulation\obj\Debug\link.55856-cvtres.write.1.tlog
C:\Users\Timothy\IET-CartoonHair\CartoonHairSimulation\CartoonHairSimulation\obj\Debug\link.56372.read.1.tlog
C:\Users\Timothy\IET-CartoonHair\CartoonHairSimulation\CartoonHairSimulation\obj\Debug\link.56372.write.1.tlog
C:\Users\Timothy\IET-CartoonHair\CartoonHairSimulation\CartoonHairSimulation\obj\Debug\link.56372-cvtres.read.1.tlog
C:\Users\Timothy\IET-CartoonHair\CartoonHairSimulation\CartoonHairSimulation\obj\Debug\link.56372-cvtres.write.1.tlog
C:\Users\Timothy\IET-CartoonHair\CartoonHairSimulation\CartoonHairSimulation\obj\Debug\link.56452.read.1.tlog
C:\Users\Timothy\IET-CartoonHair\CartoonHairSimulation\CartoonHairSimulation\obj\Debug\link.56452.write.1.tlog
C:\Users\Timothy\IET-CartoonHair\CartoonHairSimulation\CartoonHairSimulation\obj\Debug\link.56452-cvtres.read.1.tlog
C:\Users\Timothy\IET-CartoonHair\CartoonHairSimulation\CartoonHairSimulation\obj\Debug\link.56452-cvtres.write.1.tlog
C:\Users\Timothy\IET-CartoonHair\CartoonHairSimulation\CartoonHairSimulation\obj\Debug\link.56672.read.1.tlog
C:\Users\Timothy\IET-CartoonHair\CartoonHairSimulation\CartoonHairSimulation\obj\Debug\link.56672.write.1.tlog
C:\Users\Timothy\IET-CartoonHair\CartoonHairSimulation\CartoonHairSimulation\obj\Debug\link.56672-cvtres.read.1.tlog
C:\Users\Timothy\IET-CartoonHair\CartoonHairSimulation\CartoonHairSimulation\obj\Debug\link.56672-cvtres.write.1.tlog
C:\Users\Timothy\IET-CartoonHair\CartoonHairSimulation\CartoonHairSimulation\obj\Debug\link.56736.read.1.tlog
C:\Users\Timothy\IET-CartoonHair\CartoonHairSimulation\CartoonHairSimulation\obj\Debug\link.56736.write.1.tlog
C:\Users\Timothy\IET-CartoonHair\CartoonHairSimulation\CartoonHairSimulation\obj\Debug\link.56736-cvtres.read.1.tlog
C:\Users\Timothy\IET-CartoonHair\CartoonHairSimulation\CartoonHairSimulation\obj\Debug\link.56736-cvtres.write.1.tlog
C:\Users\Timothy\IET-CartoonHair\CartoonHairSimulation\CartoonHairSimulation\obj\Debug\link.56784.read.1.tlog
C:\Users\Timothy\IET-CartoonHair\CartoonHairSimulation\CartoonHairSimulation\obj\Debug\link.56784.write.1.tlog
C:\Users\Timothy\IET-CartoonHair\CartoonHairSimulation\CartoonHairSimulation\obj\Debug\link.56784-cvtres.read.1.tlog
C:\Users\Timothy\IET-CartoonHair\CartoonHairSimulation\CartoonHairSimulation\obj\Debug\link.56784-cvtres.write.1.tlog
C:\Users\Timothy\IET-CartoonHair\CartoonHairSimulation\CartoonHairSimulation\obj\Debug\link.6744.read.1.tlog
C:\Users\Timothy\IET-CartoonHair\CartoonHairSimulation\CartoonHairSimulation\obj\Debug\link.6744.write.1.tlog
C:\Users\Timothy\IET-CartoonHair\CartoonHairSimulation\CartoonHairSimulation\obj\Debug\link.6744-cvtres.read.1.tlog
C:\Users\Timothy\IET-CartoonHair\CartoonHairSimulation\CartoonHairSimulation\obj\Debug\link.6744-cvtres.write.1.tlog
C:\Users\Timothy\IET-CartoonHair\CartoonHairSimulation\CartoonHairSimulation\obj\Debug\link.9260.read.1.tlog
C:\Users\Timothy\IET-CartoonHair\CartoonHairSimulation\CartoonHairSimulation\obj\Debug\link.9260.write.1.tlog
C:\Users\Timothy\IET-CartoonHair\CartoonHairSimulation\CartoonHairSimulation\obj\Debug\link.9260-cvtres.read.1.tlog
C:\Users\Timothy\IET-CartoonHair\CartoonHairSimulation\CartoonHairSimulation\obj\Debug\link.9260-cvtres.write.1.tlog
C:\Users\Timothy\IET-CartoonHair\CartoonHairSimulation\CartoonHairSimulation\obj\Debug\link.9480.read.1.tlog
C:\Users\Timothy\IET-CartoonHair\CartoonHairSimulation\CartoonHairSimulation\obj\Debug\link.9480.write.1.tlog
C:\Users\Timothy\IET-CartoonHair\CartoonHairSimulation\CartoonHairSimulation\obj\Debug\link.9480-cvtres.read.1.tlog
C:\Users\Timothy\IET-CartoonHair\CartoonHairSimulation\CartoonHairSimulation\obj\Debug\link.9480-cvtres.write.1.tlog
C:\Users\Timothy\IET-CartoonHair\CartoonHairSimulation\CartoonHairSimulation\obj\Debug\link.9696.read.1.tlog
C:\Users\Timothy\IET-CartoonHair\CartoonHairSimulation\CartoonHairSimulation\obj\Debug\link.9696.write.1.tlog
C:\Users\Timothy\IET-CartoonHair\CartoonHairSimulation\CartoonHairSimulation\obj\Debug\link.command.1.tlog
C:\Users\Timothy\IET-CartoonHair\CartoonHairSimulation\CartoonHairSimulation\obj\Debug\link.read.1.tlog
C:\Users\Timothy\IET-CartoonHair\CartoonHairSimulation\CartoonHairSimulation\obj\Debug\link.write.1.tlog
C:\Users\Timothy\IET-CartoonHair\CartoonHairSimulation\CartoonHairSimulation\obj\Debug\link-cvtres.read.1.tlog
C:\Users\Timothy\IET-CartoonHair\CartoonHairSimulation\CartoonHairSimulation\obj\Debug\link-cvtres.write.1.tlog
C:\Users\Timothy\IET-CartoonHair\CartoonHairSimulation\CartoonHairSimulation\obj\Debug\mt.command.1.tlog
C:\Users\Timothy\IET-CartoonHair\CartoonHairSimulation\CartoonHairSimulation\obj\Debug\mt.read.1.tlog
C:\Users\Timothy\IET-CartoonHair\CartoonHairSimulation\CartoonHairSimulation\obj\Debug\mt.write.1.tlog
C:\Users\Timothy\IET-CartoonHair\CartoonHairSimulation\CartoonHairSimulation\obj\Debug\rc.command.1.tlog
C:\Users\Timothy\IET-CartoonHair\CartoonHairSimulation\CartoonHairSimulation\obj\Debug\rc.read.1.tlog
C:\Users\Timothy\IET-CartoonHair\CartoonHairSimulation\CartoonHairSimulation\obj\Debug\rc.write.1.tlog
C:\USERS\TIMOTHY\IET-CARTOONHAIR\CARTOONHAIRSIMULATION\CARTOONHAIRSIMULATION\OBJ\DEBUG\STDAFX.OBJ
C:\USERS\TIMOTHY\IET-CARTOONHAIR\CARTOONHAIRSIMULATION\CARTOONHAIRSIMULATION\OBJ\DEBUG\TINYXML2.OBJ
C:\Users\Timothy\IET-CartoonHair\CartoonHairSimulation\CartoonHairSimulation\obj\Debug\vc100.idb
C:\USERS\TIMOTHY\IET-CARTOONHAIR\CARTOONHAIRSIMULATION\CARTOONHAIRSIMULATION\OBJ\DEBUG\VC100.PDB
