Build started 12/04/2013 18:47:37.
     1>Project "C:\Users\Timothy\IET-CartoonHair\CartoonHairSimulation\CartoonHairSimulation\CartoonHairSimulation.vcxproj" on node 2 (build target(s)).
     1>InitializeBuildStatus:
         Creating "obj\Debug\CartoonHairSimulation.unsuccessfulbuild" because "AlwaysCreate" was specified.
       ClCompile:
         All outputs are up-to-date.
         All outputs are up-to-date.
       ResourceCompile:
         All outputs are up-to-date.
       ManifestResourceCompile:
         All outputs are up-to-date.
       Link:
         All outputs are up-to-date.
       Manifest:
         All outputs are up-to-date.
       PostBuildEvent:
         Description: Copying exe to samples bin directory ...
         copy "bin\Debug\\CartoonHairSimulation.exe" "C:\OgreSDK_vc10_v1-8-1\Bin\Debug"
         :VCEnd
                 1 file(s) copied.
       FinalizeBuildStatus:
         Deleting file "obj\Debug\CartoonHairSimulation.unsuccessfulbuild".
         Touching "obj\Debug\CartoonHairSimulation.lastbuildstate".
     1>Done Building Project "C:\Users\Timothy\IET-CartoonHair\CartoonHairSimulation\CartoonHairSimulation\CartoonHairSimulation.vcxproj" (build target(s)).

Build succeeded.

Time Elapsed 00:00:00.75
